[    66.468] _XSERVTransSocketUNIXCreateListener: ...SocketCreateListener() failed
[    66.468] _XSERVTransMakeAllCOTSServerListeners: server already running
[    66.468] (--) Log file renamed from "/home/juan-pablo/.local/share/xorg/Xorg.pid-2124.log" to "/home/juan-pablo/.local/share/xorg/Xorg.1.log"
[    66.469] 
X.Org X Server 1.21.1.11
X Protocol Version 11, Revision 0
[    66.469] Current Operating System: Linux SanchezPC 6.11.0-19-generic #19~24.04.1-Ubuntu SMP PREEMPT_DYNAMIC Mon Feb 17 11:51:52 UTC 2 x86_64
[    66.469] Kernel command line: BOOT_IMAGE=/boot/vmlinuz-6.11.0-19-generic root=UUID=46fe2355-c5fc-48e5-a7a4-159458a4ffc1 ro quiet splash vt.handoff=7
[    66.469] xorg-server 2:21.1.12-1ubuntu1.2 (For technical support please see http://www.ubuntu.com/support) 
[    66.469] Current version of pixman: 0.42.2
[    66.469] 	Before reporting problems, check http://wiki.x.org
	to make sure that you have the latest version.
[    66.469] Markers: (--) probed, (**) from config file, (==) default setting,
	(++) from command line, (!!) notice, (II) informational,
	(WW) warning, (EE) error, (NI) not implemented, (??) unknown.
[    66.469] (==) Log file: "/home/juan-pablo/.local/share/xorg/Xorg.1.log", Time: Thu Mar 13 18:44:13 2025
[    66.469] (==) Using system config directory "/usr/share/X11/xorg.conf.d"
[    66.469] (==) No Layout section.  Using the first Screen section.
[    66.469] (==) No screen section available. Using defaults.
[    66.469] (**) |-->Screen "Default Screen Section" (0)
[    66.469] (**) |   |-->Monitor "<default monitor>"
[    66.469] (==) No monitor specified for screen "Default Screen Section".
	Using a default monitor configuration.
[    66.469] (**) Allowing byte-swapped clients
[    66.469] (==) Automatically adding devices
[    66.469] (==) Automatically enabling devices
[    66.469] (==) Automatically adding GPU devices
[    66.469] (==) Automatically binding GPU devices
[    66.469] (==) Max clients allowed: 256, resource mask: 0x1fffff
[    66.469] (WW) The directory "/usr/share/fonts/X11/cyrillic" does not exist.
[    66.469] 	Entry deleted from font path.
[    66.469] (WW) The directory "/usr/share/fonts/X11/100dpi/" does not exist.
[    66.469] 	Entry deleted from font path.
[    66.469] (WW) The directory "/usr/share/fonts/X11/75dpi/" does not exist.
[    66.469] 	Entry deleted from font path.
[    66.469] (WW) The directory "/usr/share/fonts/X11/100dpi" does not exist.
[    66.469] 	Entry deleted from font path.
[    66.469] (WW) The directory "/usr/share/fonts/X11/75dpi" does not exist.
[    66.469] 	Entry deleted from font path.
[    66.469] (==) FontPath set to:
	/usr/share/fonts/X11/misc,
	/usr/share/fonts/X11/Type1,
	built-ins
[    66.469] (==) ModulePath set to "/usr/lib/xorg/modules"
[    66.469] (II) The server relies on udev to provide the list of input devices.
	If no devices become available, reconfigure udev or disable AutoAddDevices.
[    66.469] (II) Loader magic: 0x55f4be18b020
[    66.469] (II) Module ABI versions:
[    66.469] 	X.Org ANSI C Emulation: 0.4
[    66.469] 	X.Org Video Driver: 25.2
[    66.469] 	X.Org XInput driver : 24.4
[    66.469] 	X.Org Server Extension : 10.0
[    66.470] (++) using VT number 2

[    66.471] (II) systemd-logind: took control of session /org/freedesktop/login1/session/_32
[    66.472] (II) xfree86: Adding drm device (/dev/dri/card1)
[    66.472] (II) Platform probe for /sys/devices/pci0000:00/0000:00:01.0/0000:01:00.0/drm/card1
[    66.473] (II) systemd-logind: got fd for /dev/dri/card1 226:1 fd 15 paused 0
[    66.473] (II) xfree86: Adding drm device (/dev/dri/card0)
[    66.473] (II) Platform probe for /sys/devices/pci0000:00/0000:00:01.0/0000:01:00.0/simple-framebuffer.0/drm/card0
[    66.474] (II) systemd-logind: got fd for /dev/dri/card0 226:0 fd 16 paused 0
[    66.475] (**) OutputClass "nvidia" ModulePath extended to "/usr/lib/x86_64-linux-gnu/nvidia/xorg,/usr/lib/xorg/modules"
[    66.476] (--) PCI:*(1@0:0:0) 10de:2184:1458:3fc8 rev 161, Mem @ 0xf6000000/16777216, 0xe0000000/268435456, 0xf0000000/33554432, I/O @ 0x0000e000/128, BIOS @ 0x????????/131072
[    66.476] (II) LoadModule: "glx"
[    66.476] (II) Loading /usr/lib/xorg/modules/extensions/libglx.so
[    66.476] (II) Module glx: vendor="X.Org Foundation"
[    66.476] 	compiled for 1.21.1.11, module version = 1.0.0
[    66.476] 	ABI class: X.Org Server Extension, version 10.0
[    66.974] (II) Applying OutputClass "nvidia" to /dev/dri/card1
[    66.974] 	loading driver: nvidia
[    68.109] (==) Matched nouveau as autoconfigured driver 0
[    68.109] (==) Matched nvidia as autoconfigured driver 1
[    68.109] (==) Matched modesetting as autoconfigured driver 2
[    68.109] (==) Matched fbdev as autoconfigured driver 3
[    68.109] (==) Matched vesa as autoconfigured driver 4
[    68.109] (==) Assigned the driver to the xf86ConfigLayout
[    68.109] (II) LoadModule: "nouveau"
[    68.109] (II) Loading /usr/lib/xorg/modules/drivers/nouveau_drv.so
[    68.110] (II) Module nouveau: vendor="X.Org Foundation"
[    68.110] 	compiled for 1.21.1.3, module version = 1.0.17
[    68.110] 	Module class: X.Org Video Driver
[    68.110] 	ABI class: X.Org Video Driver, version 25.2
[    68.110] (II) LoadModule: "nvidia"
[    68.110] (II) Loading /usr/lib/x86_64-linux-gnu/nvidia/xorg/nvidia_drv.so
[    68.112] (II) Module nvidia: vendor="NVIDIA Corporation"
[    68.112] 	compiled for 1.6.99.901, module version = 1.0.0
[    68.112] 	Module class: X.Org Video Driver
[    68.112] (II) LoadModule: "modesetting"
[    68.112] (II) Loading /usr/lib/xorg/modules/drivers/modesetting_drv.so
[    68.113] (II) Module modesetting: vendor="X.Org Foundation"
[    68.113] 	compiled for 1.21.1.11, module version = 1.21.1
[    68.113] 	Module class: X.Org Video Driver
[    68.113] 	ABI class: X.Org Video Driver, version 25.2
[    68.113] (II) LoadModule: "fbdev"
[    68.113] (II) Loading /usr/lib/xorg/modules/drivers/fbdev_drv.so
[    68.113] (II) Module fbdev: vendor="X.Org Foundation"
[    68.113] 	compiled for 1.21.1.11, module version = 0.5.0
[    68.113] 	Module class: X.Org Video Driver
[    68.113] 	ABI class: X.Org Video Driver, version 25.2
[    68.113] (II) LoadModule: "vesa"
[    68.114] (II) Loading /usr/lib/xorg/modules/drivers/vesa_drv.so
[    68.114] (II) Module vesa: vendor="X.Org Foundation"
[    68.114] 	compiled for 1.21.1.7, module version = 2.6.0
[    68.114] 	Module class: X.Org Video Driver
[    68.114] 	ABI class: X.Org Video Driver, version 25.2
[    68.114] (II) NOUVEAU driver Date:   Sat Jan 23 12:24:42 2021 -0500
[    68.114] (II) NOUVEAU driver for NVIDIA chipset families :
[    68.114] 	RIVA TNT            (NV04)
[    68.114] 	RIVA TNT2           (NV05)
[    68.114] 	GeForce 256         (NV10)
[    68.115] 	GeForce 2           (NV11, NV15)
[    68.115] 	GeForce 4MX         (NV17, NV18)
[    68.115] 	GeForce 3           (NV20)
[    68.115] 	GeForce 4Ti         (NV25, NV28)
[    68.115] 	GeForce FX          (NV3x)
[    68.115] 	GeForce 6           (NV4x)
[    68.115] 	GeForce 7           (G7x)
[    68.116] 	GeForce 8           (G8x)
[    68.116] 	GeForce 9           (G9x)
[    68.116] 	GeForce GTX 2xx/3xx (GT2xx)
[    68.116] 	GeForce GTX 4xx/5xx (GFxxx)
[    68.116] 	GeForce GTX 6xx/7xx (GKxxx)
[    68.116] 	GeForce GTX 9xx     (GMxxx)
[    68.116] 	GeForce GTX 10xx    (GPxxx)
[    68.116] (II) NVIDIA dlloader X Driver  550.120  Fri Sep 13 10:03:17 UTC 2024
[    68.116] (II) NVIDIA Unified Driver for all Supported NVIDIA GPUs
[    68.116] (II) modesetting: Driver for Modesetting Kernel Drivers: kms
[    68.116] (II) FBDEV: driver for framebuffer: fbdev
[    68.116] (II) VESA: driver for VESA chipsets: vesa
[    68.116] xf86EnableIO: failed to enable I/O ports 0000-03ff (Operation not permitted)
[    68.117] (EE) [drm] Failed to open DRM device for (null): -22
[    68.709] (EE) [drm] Failed to open DRM device for pci:0000:01:00.0: -19
[    68.709] (II) systemd-logind: releasing fd for 226:0
[    68.711] (II) Loading sub module "fb"
[    68.711] (II) LoadModule: "fb"
[    68.711] (II) Module "fb" already built-in
[    68.711] (II) Loading sub module "wfb"
[    68.711] (II) LoadModule: "wfb"
[    68.711] (II) Loading /usr/lib/xorg/modules/libwfb.so
[    68.711] (II) Module wfb: vendor="X.Org Foundation"
[    68.711] 	compiled for 1.21.1.11, module version = 1.0.0
[    68.711] 	ABI class: X.Org ANSI C Emulation, version 0.4
[    68.712] (WW) Falling back to old probe method for modesetting
[    68.714] (WW) Falling back to old probe method for fbdev
[    68.714] (II) Loading sub module "fbdevhw"
[    68.714] (II) LoadModule: "fbdevhw"
[    68.714] (II) Loading /usr/lib/xorg/modules/libfbdevhw.so
[    68.715] (II) Module fbdevhw: vendor="X.Org Foundation"
[    68.715] 	compiled for 1.21.1.11, module version = 0.0.2
[    68.715] 	ABI class: X.Org Video Driver, version 25.2
[    68.715] (EE) open /dev/fb0: Permission denied
[    68.715] (EE) [drm] Failed to open DRM device for (null): -2
[    68.715] (II) systemd-logind: releasing fd for 226:1
[    68.716] (WW) VGA arbiter: cannot open kernel arbiter, no multi-card support
[    68.716] (II) NVIDIA(0): Creating default Display subsection in Screen section
	"Default Screen Section" for depth/fbbpp 24/32
[    68.716] (==) NVIDIA(0): Depth 24, (==) framebuffer bpp 32
[    68.717] (==) NVIDIA(0): RGB weight 888
[    68.717] (==) NVIDIA(0): Default visual is TrueColor
[    68.717] (==) NVIDIA(0): Using gamma correction (1.0, 1.0, 1.0)
[    68.717] (**) NVIDIA(0): Enabling 2D acceleration
[    68.717] (II) Loading sub module "glxserver_nvidia"
[    68.717] (II) LoadModule: "glxserver_nvidia"
[    68.717] (II) Loading /usr/lib/x86_64-linux-gnu/nvidia/xorg/libglxserver_nvidia.so
[    68.729] (II) Module glxserver_nvidia: vendor="NVIDIA Corporation"
[    68.730] 	compiled for 1.6.99.901, module version = 1.0.0
[    68.730] 	Module class: X.Org Server Extension
[    68.730] (II) NVIDIA GLX Module  550.120  Fri Sep 13 10:02:06 UTC 2024
[    68.730] (II) NVIDIA: The X server supports PRIME Render Offload.
[    68.730] (--) NVIDIA(0): Valid display device(s) on GPU-0 at PCI:1:0:0
[    68.730] (--) NVIDIA(0):     DFP-0
[    68.730] (--) NVIDIA(0):     DFP-1
[    68.730] (--) NVIDIA(0):     DFP-2 (boot)
[    68.730] (--) NVIDIA(0):     DFP-3
[    68.730] (--) NVIDIA(0):     DFP-4
[    68.730] (--) NVIDIA(0):     DFP-5
[    68.730] (--) NVIDIA(0):     DFP-6
[    68.731] (II) NVIDIA(0): NVIDIA GPU NVIDIA GeForce GTX 1660 (TU116-A) at PCI:1:0:0
[    68.731] (II) NVIDIA(0):     (GPU-0)
[    68.731] (--) NVIDIA(0): Memory: 6291456 kBytes
[    68.731] (--) NVIDIA(0): VideoBIOS: 90.16.25.00.4c
[    68.731] (II) NVIDIA(0): Detected PCI Express Link width: 16X
[    68.731] (--) NVIDIA(GPU-0): DFP-0: disconnected
[    68.731] (--) NVIDIA(GPU-0): DFP-0: Internal DisplayPort
[    68.731] (--) NVIDIA(GPU-0): DFP-0: 2660.0 MHz maximum pixel clock
[    68.731] (--) NVIDIA(GPU-0): 
[    68.731] (--) NVIDIA(GPU-0): DFP-1: disconnected
[    68.731] (--) NVIDIA(GPU-0): DFP-1: Internal TMDS
[    68.731] (--) NVIDIA(GPU-0): DFP-1: 165.0 MHz maximum pixel clock
[    68.731] (--) NVIDIA(GPU-0): 
[    68.731] (--) NVIDIA(GPU-0): LG Electronics LG ULTRAGEAR (DFP-2): connected
[    68.731] (--) NVIDIA(GPU-0): LG Electronics LG ULTRAGEAR (DFP-2): Internal DisplayPort
[    68.731] (--) NVIDIA(GPU-0): LG Electronics LG ULTRAGEAR (DFP-2): 2660.0 MHz maximum pixel clock
[    68.731] (--) NVIDIA(GPU-0): 
[    68.734] (--) NVIDIA(GPU-0): DFP-3: disconnected
[    68.734] (--) NVIDIA(GPU-0): DFP-3: Internal TMDS
[    68.734] (--) NVIDIA(GPU-0): DFP-3: 165.0 MHz maximum pixel clock
[    68.734] (--) NVIDIA(GPU-0): 
[    68.734] (--) NVIDIA(GPU-0): DFP-4: disconnected
[    68.734] (--) NVIDIA(GPU-0): DFP-4: Internal TMDS
[    68.734] (--) NVIDIA(GPU-0): DFP-4: 165.0 MHz maximum pixel clock
[    68.734] (--) NVIDIA(GPU-0): 
[    68.734] (--) NVIDIA(GPU-0): DFP-5: disconnected
[    68.734] (--) NVIDIA(GPU-0): DFP-5: Internal DisplayPort
[    68.734] (--) NVIDIA(GPU-0): DFP-5: 2660.0 MHz maximum pixel clock
[    68.734] (--) NVIDIA(GPU-0): 
[    68.734] (--) NVIDIA(GPU-0): DFP-6: disconnected
[    68.734] (--) NVIDIA(GPU-0): DFP-6: Internal TMDS
[    68.734] (--) NVIDIA(GPU-0): DFP-6: 165.0 MHz maximum pixel clock
[    68.734] (--) NVIDIA(GPU-0): 
[    68.763] (==) NVIDIA(0): 
[    68.763] (==) NVIDIA(0): No modes were requested; the default mode "nvidia-auto-select"
[    68.763] (==) NVIDIA(0):     will be used as the requested mode.
[    68.763] (==) NVIDIA(0): 
[    68.764] (II) NVIDIA(0): Validated MetaModes:
[    68.764] (II) NVIDIA(0):     "DFP-2:nvidia-auto-select"
[    68.764] (II) NVIDIA(0): Virtual screen size determined to be 1920 x 1080
[    68.797] (--) NVIDIA(0): DPI set to (92, 91); computed from "UseEdidDpi" X config
[    68.797] (--) NVIDIA(0):     option
[    68.797] (==) NVIDIA(G0): Depth 24, (==) framebuffer bpp 32
[    68.797] (==) NVIDIA(G0): RGB weight 888
[    68.797] (==) NVIDIA(G0): Default visual is TrueColor
[    68.797] (==) NVIDIA(G0): Using gamma correction (1.0, 1.0, 1.0)
[    68.797] (II) Applying OutputClass "nvidia" options to /dev/dri/card1
[    68.797] (**) NVIDIA(G0): Option "AllowEmptyInitialConfiguration"
[    68.797] (**) NVIDIA(G0): Enabling 2D acceleration
[    68.798] (II) NVIDIA: The X server supports PRIME Render Offload.
[    68.798] (EE) NVIDIA(GPU-1): Failed to initialize the NVIDIA graphics device!
[    68.798] (EE) NVIDIA(G0): Failing initialization of X screen
[    68.798] (II) UnloadModule: "nvidia"
[    68.798] (II) UnloadSubModule: "wfb"
[    68.798] (II) UnloadModule: "modesetting"
[    68.798] (II) Unloading modesetting
[    68.798] (II) UnloadModule: "fbdev"
[    68.798] (II) Unloading fbdev
[    68.798] (II) UnloadSubModule: "fbdevhw"
[    68.798] (II) Unloading fbdevhw
[    68.798] (II) UnloadModule: "vesa"
[    68.798] (II) Unloading vesa
[    68.798] (WW) NVIDIA: Failed to bind sideband socket to
[    68.798] (WW) NVIDIA:     '/var/run/nvidia-xdriver-66fb5b29' Permission denied
[    68.798] (EE) NVIDIA(GPU-1): Failed to initialize the NVIDIA graphics device!
[    68.798] (II) NVIDIA(GPU-1): Deleting GPU-1
[    68.798] (II) NVIDIA: Reserving 24576.00 MB of virtual memory for indirect memory
[    68.798] (II) NVIDIA:     access.
[    68.801] (II) NVIDIA(0): ACPI: failed to connect to the ACPI event daemon; the daemon
[    68.801] (II) NVIDIA(0):     may not be running or the "AcpidSocketPath" X
[    68.801] (II) NVIDIA(0):     configuration option may not be set correctly.  When the
[    68.801] (II) NVIDIA(0):     ACPI event daemon is available, the NVIDIA X driver will
[    68.801] (II) NVIDIA(0):     try to use it to receive ACPI event notifications.  For
[    68.801] (II) NVIDIA(0):     details, please see the "ConnectToAcpid" and
[    68.801] (II) NVIDIA(0):     "AcpidSocketPath" X configuration options in Appendix B: X
[    68.801] (II) NVIDIA(0):     Config Options in the README.
[    68.819] (II) NVIDIA(0): Setting mode "DFP-2:nvidia-auto-select"
[    68.915] (==) NVIDIA(0): Disabling shared memory pixmaps
[    68.915] (==) NVIDIA(0): Backing store enabled
[    68.915] (==) NVIDIA(0): Silken mouse enabled
[    68.915] (==) NVIDIA(0): DPMS enabled
[    68.915] (II) Loading sub module "dri2"
[    68.915] (II) LoadModule: "dri2"
[    68.915] (II) Module "dri2" already built-in
[    68.915] (II) NVIDIA(0): [DRI2] Setup complete
[    68.915] (II) NVIDIA(0): [DRI2]   VDPAU driver: nvidia
[    68.915] (II) Initializing extension Generic Event Extension
[    68.915] (II) Initializing extension SHAPE
[    68.915] (II) Initializing extension MIT-SHM
[    68.915] (II) Initializing extension XInputExtension
[    68.916] (II) Initializing extension XTEST
[    68.916] (II) Initializing extension BIG-REQUESTS
[    68.916] (II) Initializing extension SYNC
[    68.916] (II) Initializing extension XKEYBOARD
[    68.916] (II) Initializing extension XC-MISC
[    68.916] (II) Initializing extension SECURITY
[    68.916] (II) Initializing extension XFIXES
[    68.916] (II) Initializing extension RENDER
[    68.916] (II) Initializing extension RANDR
[    68.916] (II) Initializing extension COMPOSITE
[    68.916] (II) Initializing extension DAMAGE
[    68.916] (II) Initializing extension MIT-SCREEN-SAVER
[    68.916] (II) Initializing extension DOUBLE-BUFFER
[    68.916] (II) Initializing extension RECORD
[    68.917] (II) Initializing extension DPMS
[    68.917] (II) Initializing extension Present
[    68.917] (II) Initializing extension DRI3
[    68.917] (II) Initializing extension X-Resource
[    68.917] (II) Initializing extension XVideo
[    68.917] (II) Initializing extension XVideo-MotionCompensation
[    68.917] (II) Initializing extension SELinux
[    68.917] (II) SELinux: Disabled on system
[    68.917] (II) Initializing extension GLX
[    68.917] (II) Initializing extension GLX
[    68.917] (II) Indirect GLX disabled.
[    68.917] (II) GLX: Another vendor is already registered for screen 0
[    68.917] (II) Initializing extension XFree86-VidModeExtension
[    68.917] (II) Initializing extension XFree86-DGA
[    68.917] (II) Initializing extension XFree86-DRI
[    68.917] (II) Initializing extension DRI2
[    68.917] (II) Initializing extension NV-GLX
[    68.917] (II) Initializing extension NV-CONTROL
[    68.917] (II) Initializing extension XINERAMA
[    68.969] (II) config/udev: Adding input device Power Button (/dev/input/event2)
[    68.969] (**) Power Button: Applying InputClass "libinput keyboard catchall"
[    68.969] (II) LoadModule: "libinput"
[    68.969] (II) Loading /usr/lib/xorg/modules/input/libinput_drv.so
[    68.970] (II) Module libinput: vendor="X.Org Foundation"
[    68.970] 	compiled for 1.21.1.11, module version = 1.4.0
[    68.970] 	Module class: X.Org XInput Driver
[    68.970] 	ABI class: X.Org XInput driver, version 24.4
[    68.970] (II) Using input driver 'libinput' for 'Power Button'
[    68.970] (II) systemd-logind: got fd for /dev/input/event2 13:66 fd 39 paused 0
[    68.970] (**) Power Button: always reports core events
[    68.970] (**) Option "Device" "/dev/input/event2"
[    68.972] (II) event2  - Power Button: is tagged by udev as: Keyboard
[    68.972] (II) event2  - Power Button: device is a keyboard
[    68.972] (II) event2  - Power Button: device removed
[    68.972] (**) Option "config_info" "udev:/sys/devices/LNXSYSTM:00/LNXPWRBN:00/input/input2/event2"
[    68.972] (II) XINPUT: Adding extended input device "Power Button" (type: KEYBOARD, id 6)
[    68.972] (**) Option "xkb_model" "pc105"
[    68.972] (**) Option "xkb_layout" "latam"
[    68.984] (II) event2  - Power Button: is tagged by udev as: Keyboard
[    68.984] (II) event2  - Power Button: device is a keyboard
[    68.984] (II) config/udev: Adding input device Power Button (/dev/input/event1)
[    68.984] (**) Power Button: Applying InputClass "libinput keyboard catchall"
[    68.984] (II) Using input driver 'libinput' for 'Power Button'
[    68.985] (II) systemd-logind: got fd for /dev/input/event1 13:65 fd 42 paused 0
[    68.985] (**) Power Button: always reports core events
[    68.985] (**) Option "Device" "/dev/input/event1"
[    68.986] (II) event1  - Power Button: is tagged by udev as: Keyboard
[    68.986] (II) event1  - Power Button: device is a keyboard
[    68.986] (II) event1  - Power Button: device removed
[    68.986] (**) Option "config_info" "udev:/sys/devices/LNXSYSTM:00/LNXSYBUS:00/PNP0C0C:00/input/input1/event1"
[    68.986] (II) XINPUT: Adding extended input device "Power Button" (type: KEYBOARD, id 7)
[    68.986] (**) Option "xkb_model" "pc105"
[    68.986] (**) Option "xkb_layout" "latam"
[    68.987] (II) event1  - Power Button: is tagged by udev as: Keyboard
[    68.987] (II) event1  - Power Button: device is a keyboard
[    68.987] (II) config/udev: Adding input device Sleep Button (/dev/input/event0)
[    68.987] (**) Sleep Button: Applying InputClass "libinput keyboard catchall"
[    68.987] (II) Using input driver 'libinput' for 'Sleep Button'
[    68.988] (II) systemd-logind: got fd for /dev/input/event0 13:64 fd 43 paused 0
[    68.988] (**) Sleep Button: always reports core events
[    68.988] (**) Option "Device" "/dev/input/event0"
[    68.989] (II) event0  - Sleep Button: is tagged by udev as: Keyboard
[    68.989] (II) event0  - Sleep Button: device is a keyboard
[    68.989] (II) event0  - Sleep Button: device removed
[    68.989] (**) Option "config_info" "udev:/sys/devices/LNXSYSTM:00/LNXSYBUS:00/PNP0C0E:00/input/input0/event0"
[    68.989] (II) XINPUT: Adding extended input device "Sleep Button" (type: KEYBOARD, id 8)
[    68.989] (**) Option "xkb_model" "pc105"
[    68.989] (**) Option "xkb_layout" "latam"
[    68.989] (II) event0  - Sleep Button: is tagged by udev as: Keyboard
[    68.989] (II) event0  - Sleep Button: device is a keyboard
[    68.990] (II) config/udev: Adding input device HDA NVidia HDMI/DP,pcm=3 (/dev/input/event12)
[    68.990] (II) No input driver specified, ignoring this device.
[    68.990] (II) This device may have been added with another device file.
[    68.991] (II) config/udev: Adding input device HDA NVidia HDMI/DP,pcm=7 (/dev/input/event13)
[    68.991] (II) No input driver specified, ignoring this device.
[    68.991] (II) This device may have been added with another device file.
[    68.991] (II) config/udev: Adding input device HDA NVidia HDMI/DP,pcm=8 (/dev/input/event14)
[    68.991] (II) No input driver specified, ignoring this device.
[    68.991] (II) This device may have been added with another device file.
[    68.991] (II) config/udev: Adding input device HDA NVidia HDMI/DP,pcm=9 (/dev/input/event15)
[    68.991] (II) No input driver specified, ignoring this device.
[    68.991] (II) This device may have been added with another device file.
[    68.992] (II) config/udev: Adding input device Kingston HyperX Cloud Stinger Core + 7.1 Consumer Control (/dev/input/event9)
[    68.992] (**) Kingston HyperX Cloud Stinger Core + 7.1 Consumer Control: Applying InputClass "libinput keyboard catchall"
[    68.992] (II) Using input driver 'libinput' for 'Kingston HyperX Cloud Stinger Core + 7.1 Consumer Control'
[    68.993] (II) systemd-logind: got fd for /dev/input/event9 13:73 fd 44 paused 0
[    68.993] (**) Kingston HyperX Cloud Stinger Core + 7.1 Consumer Control: always reports core events
[    68.993] (**) Option "Device" "/dev/input/event9"
[    68.994] (II) event9  - Kingston HyperX Cloud Stinger Core + 7.1 Consumer Control: is tagged by udev as: Keyboard
[    68.994] (II) event9  - Kingston HyperX Cloud Stinger Core + 7.1 Consumer Control: device is a keyboard
[    68.994] (II) event9  - Kingston HyperX Cloud Stinger Core + 7.1 Consumer Control: device removed
[    68.994] (**) Option "config_info" "udev:/sys/devices/pci0000:00/0000:00:14.0/usb1/1-10/1-10:1.3/0003:0951:1709.0006/input/input12/event9"
[    68.994] (II) XINPUT: Adding extended input device "Kingston HyperX Cloud Stinger Core + 7.1 Consumer Control" (type: KEYBOARD, id 9)
[    68.994] (**) Option "xkb_model" "pc105"
[    68.994] (**) Option "xkb_layout" "latam"
[    68.995] (II) event9  - Kingston HyperX Cloud Stinger Core + 7.1 Consumer Control: is tagged by udev as: Keyboard
[    68.995] (II) event9  - Kingston HyperX Cloud Stinger Core + 7.1 Consumer Control: device is a keyboard
[    68.996] (II) config/udev: Adding input device Kingston HyperX Cloud Stinger Core + 7.1 (/dev/input/event10)
[    68.996] (II) No input driver specified, ignoring this device.
[    68.996] (II) This device may have been added with another device file.
[    68.997] (II) config/udev: Adding input device Logitech G PRO Gaming Mouse (/dev/input/event3)
[    68.997] (**) Logitech G PRO Gaming Mouse: Applying InputClass "libinput pointer catchall"
[    68.997] (II) Using input driver 'libinput' for 'Logitech G PRO Gaming Mouse'
[    68.997] (II) systemd-logind: got fd for /dev/input/event3 13:67 fd 45 paused 0
[    68.997] (**) Logitech G PRO Gaming Mouse: always reports core events
[    68.997] (**) Option "Device" "/dev/input/event3"
[    68.998] (II) event3  - Logitech G PRO Gaming Mouse: is tagged by udev as: Mouse
[    68.999] (II) event3  - Logitech G PRO Gaming Mouse: device is a pointer
[    68.999] (II) event3  - Logitech G PRO Gaming Mouse: device removed
[    68.999] (II) libinput: Logitech G PRO Gaming Mouse: Step value 0 was provided, libinput Fallback acceleration function is used.
[    68.999] (II) libinput: Logitech G PRO Gaming Mouse: Step value 0 was provided, libinput Fallback acceleration function is used.
[    68.999] (II) libinput: Logitech G PRO Gaming Mouse: Step value 0 was provided, libinput Fallback acceleration function is used.
[    68.999] (**) Option "config_info" "udev:/sys/devices/pci0000:00/0000:00:14.0/usb1/1-4/1-4:1.0/0003:046D:C08C.0001/input/input3/event3"
[    68.999] (II) XINPUT: Adding extended input device "Logitech G PRO Gaming Mouse" (type: MOUSE, id 10)
[    68.999] (**) Option "AccelerationScheme" "none"
[    68.999] (**) Logitech G PRO Gaming Mouse: (accel) selected scheme none/0
[    68.999] (**) Logitech G PRO Gaming Mouse: (accel) acceleration factor: 2.000
[    68.999] (**) Logitech G PRO Gaming Mouse: (accel) acceleration threshold: 4
[    69.000] (II) event3  - Logitech G PRO Gaming Mouse: is tagged by udev as: Mouse
[    69.000] (II) event3  - Logitech G PRO Gaming Mouse: device is a pointer
[    69.001] (II) config/udev: Adding input device Logitech G PRO Gaming Mouse (/dev/input/mouse0)
[    69.001] (II) No input driver specified, ignoring this device.
[    69.001] (II) This device may have been added with another device file.
[    69.002] (II) config/udev: Adding input device Logitech G PRO Gaming Mouse Keyboard (/dev/input/event4)
[    69.002] (**) Logitech G PRO Gaming Mouse Keyboard: Applying InputClass "libinput keyboard catchall"
[    69.002] (II) Using input driver 'libinput' for 'Logitech G PRO Gaming Mouse Keyboard'
[    69.002] (II) systemd-logind: got fd for /dev/input/event4 13:68 fd 46 paused 0
[    69.002] (**) Logitech G PRO Gaming Mouse Keyboard: always reports core events
[    69.002] (**) Option "Device" "/dev/input/event4"
[    69.003] (II) event4  - Logitech G PRO Gaming Mouse Keyboard: is tagged by udev as: Keyboard
[    69.003] (II) event4  - Logitech G PRO Gaming Mouse Keyboard: device is a keyboard
[    69.003] (II) event4  - Logitech G PRO Gaming Mouse Keyboard: device removed
[    69.003] (II) libinput: Logitech G PRO Gaming Mouse Keyboard: needs a virtual subdevice
[    69.003] (**) Option "config_info" "udev:/sys/devices/pci0000:00/0000:00:14.0/usb1/1-4/1-4:1.1/0003:046D:C08C.0002/input/input4/event4"
[    69.003] (II) XINPUT: Adding extended input device "Logitech G PRO Gaming Mouse Keyboard" (type: MOUSE, id 11)
[    69.004] (**) Option "AccelerationScheme" "none"
[    69.004] (**) Logitech G PRO Gaming Mouse Keyboard: (accel) selected scheme none/0
[    69.004] (**) Logitech G PRO Gaming Mouse Keyboard: (accel) acceleration factor: 2.000
[    69.004] (**) Logitech G PRO Gaming Mouse Keyboard: (accel) acceleration threshold: 4
[    69.005] (II) event4  - Logitech G PRO Gaming Mouse Keyboard: is tagged by udev as: Keyboard
[    69.005] (II) event4  - Logitech G PRO Gaming Mouse Keyboard: device is a keyboard
[    69.006] (II) config/udev: Adding input device HyperX Alloy Elite HyperX Alloy Elite (/dev/input/event5)
[    69.006] (**) HyperX Alloy Elite HyperX Alloy Elite: Applying InputClass "libinput keyboard catchall"
[    69.006] (II) Using input driver 'libinput' for 'HyperX Alloy Elite HyperX Alloy Elite'
[    69.006] (II) systemd-logind: got fd for /dev/input/event5 13:69 fd 47 paused 0
[    69.006] (**) HyperX Alloy Elite HyperX Alloy Elite: always reports core events
[    69.006] (**) Option "Device" "/dev/input/event5"
[    69.007] (II) event5  - HyperX Alloy Elite HyperX Alloy Elite: is tagged by udev as: Keyboard
[    69.007] (II) event5  - HyperX Alloy Elite HyperX Alloy Elite: device is a keyboard
[    69.007] (II) event5  - HyperX Alloy Elite HyperX Alloy Elite: device removed
[    69.008] (**) Option "config_info" "udev:/sys/devices/pci0000:00/0000:00:14.0/usb1/1-5/1-5:1.0/0003:0951:16BF.0003/input/input7/event5"
[    69.008] (II) XINPUT: Adding extended input device "HyperX Alloy Elite HyperX Alloy Elite" (type: KEYBOARD, id 12)
[    69.008] (**) Option "xkb_model" "pc105"
[    69.008] (**) Option "xkb_layout" "latam"
[    69.009] (II) event5  - HyperX Alloy Elite HyperX Alloy Elite: is tagged by udev as: Keyboard
[    69.009] (II) event5  - HyperX Alloy Elite HyperX Alloy Elite: device is a keyboard
[    69.010] (II) config/udev: Adding input device HyperX Alloy Elite HyperX Alloy Elite Keyboard (/dev/input/event8)
[    69.010] (**) HyperX Alloy Elite HyperX Alloy Elite Keyboard: Applying InputClass "libinput keyboard catchall"
[    69.010] (II) Using input driver 'libinput' for 'HyperX Alloy Elite HyperX Alloy Elite Keyboard'
[    69.010] (II) systemd-logind: got fd for /dev/input/event8 13:72 fd 48 paused 0
[    69.010] (**) HyperX Alloy Elite HyperX Alloy Elite Keyboard: always reports core events
[    69.010] (**) Option "Device" "/dev/input/event8"
[    69.011] (II) event8  - HyperX Alloy Elite HyperX Alloy Elite Keyboard: is tagged by udev as: Keyboard
[    69.011] (II) event8  - HyperX Alloy Elite HyperX Alloy Elite Keyboard: device is a keyboard
[    69.011] (II) event8  - HyperX Alloy Elite HyperX Alloy Elite Keyboard: device removed
[    69.011] (**) Option "config_info" "udev:/sys/devices/pci0000:00/0000:00:14.0/usb1/1-5/1-5:1.1/0003:0951:16BF.0004/input/input11/event8"
[    69.011] (II) XINPUT: Adding extended input device "HyperX Alloy Elite HyperX Alloy Elite Keyboard" (type: KEYBOARD, id 13)
[    69.012] (**) Option "xkb_model" "pc105"
[    69.012] (**) Option "xkb_layout" "latam"
[    69.013] (II) event8  - HyperX Alloy Elite HyperX Alloy Elite Keyboard: is tagged by udev as: Keyboard
[    69.013] (II) event8  - HyperX Alloy Elite HyperX Alloy Elite Keyboard: device is a keyboard
[    69.014] (II) config/udev: Adding input device HyperX Alloy Elite HyperX Alloy Elite System Control (/dev/input/event6)
[    69.014] (**) HyperX Alloy Elite HyperX Alloy Elite System Control: Applying InputClass "libinput keyboard catchall"
[    69.014] (II) Using input driver 'libinput' for 'HyperX Alloy Elite HyperX Alloy Elite System Control'
[    69.014] (II) systemd-logind: got fd for /dev/input/event6 13:70 fd 49 paused 0
[    69.014] (**) HyperX Alloy Elite HyperX Alloy Elite System Control: always reports core events
[    69.014] (**) Option "Device" "/dev/input/event6"
[    69.015] (II) event6  - HyperX Alloy Elite HyperX Alloy Elite System Control: is tagged by udev as: Keyboard
[    69.015] (II) event6  - HyperX Alloy Elite HyperX Alloy Elite System Control: device is a keyboard
[    69.016] (II) event6  - HyperX Alloy Elite HyperX Alloy Elite System Control: device removed
[    69.016] (**) Option "config_info" "udev:/sys/devices/pci0000:00/0000:00:14.0/usb1/1-5/1-5:1.1/0003:0951:16BF.0004/input/input8/event6"
[    69.016] (II) XINPUT: Adding extended input device "HyperX Alloy Elite HyperX Alloy Elite System Control" (type: KEYBOARD, id 14)
[    69.016] (**) Option "xkb_model" "pc105"
[    69.016] (**) Option "xkb_layout" "latam"
[    69.017] (II) event6  - HyperX Alloy Elite HyperX Alloy Elite System Control: is tagged by udev as: Keyboard
[    69.017] (II) event6  - HyperX Alloy Elite HyperX Alloy Elite System Control: device is a keyboard
[    69.018] (II) config/udev: Adding input device HyperX Alloy Elite HyperX Alloy Elite Consumer Control (/dev/input/event7)
[    69.018] (**) HyperX Alloy Elite HyperX Alloy Elite Consumer Control: Applying InputClass "libinput keyboard catchall"
[    69.018] (II) Using input driver 'libinput' for 'HyperX Alloy Elite HyperX Alloy Elite Consumer Control'
[    69.018] (II) systemd-logind: got fd for /dev/input/event7 13:71 fd 50 paused 0
[    69.018] (**) HyperX Alloy Elite HyperX Alloy Elite Consumer Control: always reports core events
[    69.018] (**) Option "Device" "/dev/input/event7"
[    69.019] (II) event7  - HyperX Alloy Elite HyperX Alloy Elite Consumer Control: is tagged by udev as: Keyboard
[    69.019] (II) event7  - HyperX Alloy Elite HyperX Alloy Elite Consumer Control: device is a keyboard
[    69.020] (II) event7  - HyperX Alloy Elite HyperX Alloy Elite Consumer Control: device removed
[    69.020] (II) libinput: HyperX Alloy Elite HyperX Alloy Elite Consumer Control: needs a virtual subdevice
[    69.020] (**) Option "config_info" "udev:/sys/devices/pci0000:00/0000:00:14.0/usb1/1-5/1-5:1.1/0003:0951:16BF.0004/input/input9/event7"
[    69.020] (II) XINPUT: Adding extended input device "HyperX Alloy Elite HyperX Alloy Elite Consumer Control" (type: MOUSE, id 15)
[    69.020] (**) Option "AccelerationScheme" "none"
[    69.020] (**) HyperX Alloy Elite HyperX Alloy Elite Consumer Control: (accel) selected scheme none/0
[    69.020] (**) HyperX Alloy Elite HyperX Alloy Elite Consumer Control: (accel) acceleration factor: 2.000
[    69.020] (**) HyperX Alloy Elite HyperX Alloy Elite Consumer Control: (accel) acceleration threshold: 4
[    69.021] (II) event7  - HyperX Alloy Elite HyperX Alloy Elite Consumer Control: is tagged by udev as: Keyboard
[    69.021] (II) event7  - HyperX Alloy Elite HyperX Alloy Elite Consumer Control: device is a keyboard
[    69.021] (II) config/udev: Adding input device HDA Intel PCH Rear Mic (/dev/input/event16)
[    69.021] (II) No input driver specified, ignoring this device.
[    69.021] (II) This device may have been added with another device file.
[    69.022] (II) config/udev: Adding input device HDA Intel PCH Front Mic (/dev/input/event17)
[    69.022] (II) No input driver specified, ignoring this device.
[    69.022] (II) This device may have been added with another device file.
[    69.022] (II) config/udev: Adding input device HDA Intel PCH Line (/dev/input/event18)
[    69.022] (II) No input driver specified, ignoring this device.
[    69.022] (II) This device may have been added with another device file.
[    69.022] (II) config/udev: Adding input device HDA Intel PCH Line Out (/dev/input/event19)
[    69.022] (II) No input driver specified, ignoring this device.
[    69.022] (II) This device may have been added with another device file.
[    69.024] (II) config/udev: Adding input device HDA Intel PCH Front Headphone (/dev/input/event20)
[    69.024] (II) No input driver specified, ignoring this device.
[    69.024] (II) This device may have been added with another device file.
[    69.024] (II) config/udev: Adding input device Eee PC WMI hotkeys (/dev/input/event11)
[    69.024] (**) Eee PC WMI hotkeys: Applying InputClass "libinput keyboard catchall"
[    69.024] (II) Using input driver 'libinput' for 'Eee PC WMI hotkeys'
[    69.024] (II) systemd-logind: got fd for /dev/input/event11 13:75 fd 51 paused 0
[    69.024] (**) Eee PC WMI hotkeys: always reports core events
[    69.024] (**) Option "Device" "/dev/input/event11"
[    69.025] (II) event11 - Eee PC WMI hotkeys: is tagged by udev as: Keyboard
[    69.025] (II) event11 - Eee PC WMI hotkeys: device is a keyboard
[    69.025] (II) event11 - Eee PC WMI hotkeys: device removed
[    69.025] (**) Option "config_info" "udev:/sys/devices/platform/eeepc-wmi/input/input14/event11"
[    69.025] (II) XINPUT: Adding extended input device "Eee PC WMI hotkeys" (type: KEYBOARD, id 16)
[    69.025] (**) Option "xkb_model" "pc105"
[    69.025] (**) Option "xkb_layout" "latam"
[    69.026] (II) event11 - Eee PC WMI hotkeys: is tagged by udev as: Keyboard
[    69.026] (II) event11 - Eee PC WMI hotkeys: device is a keyboard
[    69.031] (**) Logitech G PRO Gaming Mouse Keyboard: Applying InputClass "libinput keyboard catchall"
[    69.031] (II) Using input driver 'libinput' for 'Logitech G PRO Gaming Mouse Keyboard'
[    69.031] (II) systemd-logind: returning pre-existing fd for /dev/input/event4 13:68
[    69.031] (**) Logitech G PRO Gaming Mouse Keyboard: always reports core events
[    69.031] (**) Option "Device" "/dev/input/event4"
[    69.031] (II) libinput: Logitech G PRO Gaming Mouse Keyboard: is a virtual subdevice
[    69.032] (**) Option "config_info" "udev:/sys/devices/pci0000:00/0000:00:14.0/usb1/1-4/1-4:1.1/0003:046D:C08C.0002/input/input4/event4"
[    69.032] (II) XINPUT: Adding extended input device "Logitech G PRO Gaming Mouse Keyboard" (type: KEYBOARD, id 17)
[    69.032] (**) Option "xkb_model" "pc105"
[    69.032] (**) Option "xkb_layout" "latam"
[    69.032] (**) HyperX Alloy Elite HyperX Alloy Elite Consumer Control: Applying InputClass "libinput keyboard catchall"
[    69.032] (II) Using input driver 'libinput' for 'HyperX Alloy Elite HyperX Alloy Elite Consumer Control'
[    69.032] (II) systemd-logind: returning pre-existing fd for /dev/input/event7 13:71
[    69.032] (**) HyperX Alloy Elite HyperX Alloy Elite Consumer Control: always reports core events
[    69.032] (**) Option "Device" "/dev/input/event7"
[    69.032] (II) libinput: HyperX Alloy Elite HyperX Alloy Elite Consumer Control: is a virtual subdevice
[    69.032] (**) Option "config_info" "udev:/sys/devices/pci0000:00/0000:00:14.0/usb1/1-5/1-5:1.1/0003:0951:16BF.0004/input/input9/event7"
[    69.032] (II) XINPUT: Adding extended input device "HyperX Alloy Elite HyperX Alloy Elite Consumer Control" (type: KEYBOARD, id 18)
[    69.032] (**) Option "xkb_model" "pc105"
[    69.032] (**) Option "xkb_layout" "latam"
[    70.649] (--) NVIDIA(GPU-0): DFP-0: disconnected
[    70.649] (--) NVIDIA(GPU-0): DFP-0: Internal DisplayPort
[    70.649] (--) NVIDIA(GPU-0): DFP-0: 2660.0 MHz maximum pixel clock
[    70.649] (--) NVIDIA(GPU-0): 
[    70.650] (--) NVIDIA(GPU-0): DFP-1: disconnected
[    70.650] (--) NVIDIA(GPU-0): DFP-1: Internal TMDS
[    70.650] (--) NVIDIA(GPU-0): DFP-1: 165.0 MHz maximum pixel clock
[    70.650] (--) NVIDIA(GPU-0): 
[    70.650] (--) NVIDIA(GPU-0): LG Electronics LG ULTRAGEAR (DFP-2): connected
[    70.650] (--) NVIDIA(GPU-0): LG Electronics LG ULTRAGEAR (DFP-2): Internal DisplayPort
[    70.650] (--) NVIDIA(GPU-0): LG Electronics LG ULTRAGEAR (DFP-2): 2660.0 MHz maximum pixel clock
[    70.650] (--) NVIDIA(GPU-0): 
[    70.653] (--) NVIDIA(GPU-0): DFP-3: disconnected
[    70.653] (--) NVIDIA(GPU-0): DFP-3: Internal TMDS
[    70.653] (--) NVIDIA(GPU-0): DFP-3: 165.0 MHz maximum pixel clock
[    70.653] (--) NVIDIA(GPU-0): 
[    70.653] (--) NVIDIA(GPU-0): DFP-4: disconnected
[    70.653] (--) NVIDIA(GPU-0): DFP-4: Internal TMDS
[    70.653] (--) NVIDIA(GPU-0): DFP-4: 165.0 MHz maximum pixel clock
[    70.653] (--) NVIDIA(GPU-0): 
[    70.653] (--) NVIDIA(GPU-0): DFP-5: disconnected
[    70.653] (--) NVIDIA(GPU-0): DFP-5: Internal DisplayPort
[    70.653] (--) NVIDIA(GPU-0): DFP-5: 2660.0 MHz maximum pixel clock
[    70.653] (--) NVIDIA(GPU-0): 
[    70.653] (--) NVIDIA(GPU-0): DFP-6: disconnected
[    70.653] (--) NVIDIA(GPU-0): DFP-6: Internal TMDS
[    70.653] (--) NVIDIA(GPU-0): DFP-6: 165.0 MHz maximum pixel clock
[    70.653] (--) NVIDIA(GPU-0): 
[    70.978] (--) NVIDIA(GPU-0): DFP-0: disconnected
[    70.978] (--) NVIDIA(GPU-0): DFP-0: Internal DisplayPort
[    70.978] (--) NVIDIA(GPU-0): DFP-0: 2660.0 MHz maximum pixel clock
[    70.978] (--) NVIDIA(GPU-0): 
[    70.978] (--) NVIDIA(GPU-0): DFP-1: disconnected
[    70.978] (--) NVIDIA(GPU-0): DFP-1: Internal TMDS
[    70.978] (--) NVIDIA(GPU-0): DFP-1: 165.0 MHz maximum pixel clock
[    70.978] (--) NVIDIA(GPU-0): 
[    70.978] (--) NVIDIA(GPU-0): LG Electronics LG ULTRAGEAR (DFP-2): connected
[    70.978] (--) NVIDIA(GPU-0): LG Electronics LG ULTRAGEAR (DFP-2): Internal DisplayPort
[    70.978] (--) NVIDIA(GPU-0): LG Electronics LG ULTRAGEAR (DFP-2): 2660.0 MHz maximum pixel clock
[    70.978] (--) NVIDIA(GPU-0): 
[    70.980] (--) NVIDIA(GPU-0): DFP-3: disconnected
[    70.980] (--) NVIDIA(GPU-0): DFP-3: Internal TMDS
[    70.980] (--) NVIDIA(GPU-0): DFP-3: 165.0 MHz maximum pixel clock
[    70.980] (--) NVIDIA(GPU-0): 
[    70.980] (--) NVIDIA(GPU-0): DFP-4: disconnected
[    70.980] (--) NVIDIA(GPU-0): DFP-4: Internal TMDS
[    70.980] (--) NVIDIA(GPU-0): DFP-4: 165.0 MHz maximum pixel clock
[    70.980] (--) NVIDIA(GPU-0): 
[    70.980] (--) NVIDIA(GPU-0): DFP-5: disconnected
[    70.980] (--) NVIDIA(GPU-0): DFP-5: Internal DisplayPort
[    70.980] (--) NVIDIA(GPU-0): DFP-5: 2660.0 MHz maximum pixel clock
[    70.980] (--) NVIDIA(GPU-0): 
[    70.981] (--) NVIDIA(GPU-0): DFP-6: disconnected
[    70.981] (--) NVIDIA(GPU-0): DFP-6: Internal TMDS
[    70.981] (--) NVIDIA(GPU-0): DFP-6: 165.0 MHz maximum pixel clock
[    70.981] (--) NVIDIA(GPU-0): 
